<?xml version="1.0" encoding="utf-8"?><testsuites name="pytest tests"><testsuite name="pytest" errors="0" failures="0" skipped="0" tests="36" time="9.435" timestamp="2026-08-27T04:18:00.279965+00:00" hostname="agent-env-559fe904-bc61-48d6-9dd6-e26a0b7b16ec"><testcase classname="tests.test_qwickads" name="test_health" time="0.543" /><testcase classname="tests.test_admin" name="test_login_wrong_password" time="0.535" /><testcase classname="tests.test_qwickads" name="test_admin_requires_token" time="0.321" /><testcase classname="tests.test_admin" name="test_auth_me" time="0.550" /><testcase classname="tests.test_qwickads" name="test_admin_create_code" time="0.102" /><testcase classname="tests.test_qwickads" name="test_register_invalid_code" time="0.153" /><testcase classname="tests.test_admin" name="test_endpoints_require_auth" time="0.834" /><testcase classname="tests.test_qwickads" name="test_register_returns_screen" time="0.203" /><testcase classname="tests.test_qwickads" name="test_register_code_single_use" time="0.160" /><testcase classname="tests.test_qwickads" name="test_playlist_requires_token" time="0.160" /><testcase classname="tests.test_qwickads" name="test_playlist_wrong_token" time="0.118" /><testcase classname="tests.test_qwickads" name="test_playlist_empty_initially" time="0.128" /><testcase classname="tests.test_qwickads" name="test_publish_and_get_playlist" time="0.220" /><testcase classname="tests.test_admin" name="test_admin_token_grants_access" time="0.141" /><testcase classname="tests.test_qwickads" name="test_heartbeat" time="0.102" /><testcase classname="tests.test_admin" name="test_areas_list" time="0.236" /><testcase classname="tests.test_qwickads" name="test_heartbeat_no_token" time="0.119" /><testcase classname="tests.test_admin" name="test_areas_update" time="0.123" /><testcase classname="tests.test_qwickads" name="test_playback_batch" time="0.106" /><testcase classname="tests.test_qwickads" name="test_playback_batch_requires_token" time="0.101" /><testcase classname="tests.test_admin" name="test_cabs_duplicate_number" time="0.233" /><testcase classname="tests.test_qwickads" name="test_command_lifecycle" time="0.461" /><testcase classname="tests.test_admin" name="test_areas_delete_blocked_when_cabs" time="0.176" /><testcase classname="tests.test_qwickads" name="test_cross_screen_isolation" time="0.345" /><testcase classname="tests.test_admin" name="test_reg_code_single_use" time="0.370" /><testcase classname="tests.test_admin" name="test_reg_code_revoke" time="0.336" /><testcase classname="tests.test_admin" name="test_unregister_invalidates_token" time="0.238" /><testcase classname="tests.test_admin" name="test_publish_playlist_and_player_reads" time="0.655" /><testcase classname="tests.test_admin" name="test_publish_unknown_media_404" time="0.098" /><testcase classname="tests.test_admin" name="test_media_delete_blocked_when_in_playlist" time="0.126" /><testcase classname="tests.test_admin" name="test_campaigns_crud" time="0.305" /><testcase classname="tests.test_admin" name="test_analytics_overview" time="0.104" /><testcase classname="tests.test_admin" name="test_settings_get_put" time="0.350" /><testcase classname="tests.test_admin" name="test_audit_records_settings_change" time="0.119" /><testcase classname="tests.test_admin" name="test_change_password_rotates_pwdv" time="1.844" /><testcase classname="tests.test_admin" name="test_full_integration_flow" time="1.740" /></testsuite></testsuites>